TN:
SF:/Users/cliffano/dev/workspace/nestor-lifx/lib/cli.js
FN:6,_run
FN:21,(anonymous_2)
FN:34,exec
FNF:3
FNH:3
FNDA:3,_run
FNDA:3,(anonymous_2)
FNDA:4,exec
DA:1,1
DA:2,1
DA:3,1
DA:4,1
DA:6,1
DA:8,3
DA:12,3
DA:18,3
DA:19,3
DA:21,3
DA:22,3
DA:23,1
DA:24,1
DA:26,2
DA:34,1
DA:36,4
DA:42,4
DA:45,1
LF:18
LH:18
BRDA:9,1,0,1
BRDA:9,1,1,2
BRDA:22,2,0,1
BRDA:22,2,1,2
BRF:4
BRH:4
end_of_record
TN:
SF:/Users/cliffano/dev/workspace/nestor-lifx/lib/nestorlifx.js
FN:9,NestorLIFX
FN:27,(anonymous_2)
FNF:2
FNH:2
FNDA:7,NestorLIFX
FNDA:2,(anonymous_2)
DA:1,1
DA:9,1
DA:10,7
DA:12,7
DA:17,7
DA:19,7
DA:27,1
DA:28,2
DA:29,2
DA:30,2
DA:31,2
DA:32,2
DA:34,2
DA:36,2
DA:38,2
DA:39,2
DA:42,1
LF:17
LH:17
BRDA:17,1,0,7
BRDA:17,1,1,5
BRDA:34,2,0,1
BRDA:34,2,1,1
BRF:4
BRH:4
end_of_record
